<?xml version="1.0" encoding="UTF-8"?>
<!-- Generated by org.testng.reporters.JUnitXMLReporter -->
<testsuite ignored="4" hostname="LAPTOP-0BNS4RHD" failures="0" tests="2" name="Test" time="14.444" errors="0" timestamp="2022-09-14T23:04:44 IST">
  <testcase classname="testCases.priceSort" name="priceSorting" time="8.989"/>
  <testcase classname="testCases.nameSort" name="productNameSorting" time="5.365"/>
  <testcase classname="testCases.BaseClass" name="@BeforeSuite browser_intilazation" time="0.0">
    <ignored/>
  </testcase> <!-- @BeforeSuite browser_intilazation -->
  <testcase classname="testCases.BaseClass" name="@AfterSuite tearDown" time="0.0">
    <ignored/>
  </testcase> <!-- @AfterSuite tearDown -->
  <testcase classname="testCases.BaseClass" name="@BeforeSuite browser_intilazation" time="0.0">
    <ignored/>
  </testcase> <!-- @BeforeSuite browser_intilazation -->
  <testcase classname="testCases.BaseClass" name="@AfterSuite tearDown" time="0.0">
    <ignored/>
  </testcase> <!-- @AfterSuite tearDown -->
</testsuite> <!-- Test -->
